  PER  STP          DAYS    FID         OFE              TFDR-INI            NR-SWD-INI             R-SWD-INI              QREQ-INI              TFDR-FIN            NR-SWD-FIN             R-SWD-FIN              QREQ-FIN                 Q-FIN  DEF-FLAG
    1    1         15.21      1   -999.0000                0.0000                0.0000                0.0000                0.0000                0.0000                0.0000                0.0000                0.0000                0.0000         0
    1    1         15.21      2   -999.0000                0.0000                0.0000                0.0000                0.0000                0.0000                0.0000                0.0000                0.0000                0.0000         0
    1    1         15.21      3   -999.0000                0.0000                0.0000                0.0000                0.0000                0.0000                0.0000                0.0000                0.0000                0.0000         0
    1    1         15.21      4   -999.0000                0.0000                0.0000                0.0000                0.0000                0.0000                0.0000                0.0000                0.0000                0.0000         0
    1    1         15.21      5   -999.0000                0.0000                0.0000                0.0000                0.0000                0.0000                0.0000                0.0000                0.0000                0.0000         0
    1    1         15.21      6   -999.0000                0.0000                0.0000                0.0000                0.0000                0.0000                0.0000                0.0000                0.0000                0.0000         0
    1    1         15.21      7   -999.0000                0.0000                0.0000                0.0000                0.0000                0.0000                0.0000                0.0000                0.0000                0.0000         0
    1    1         15.21      8   -999.0000                0.0000                0.0000                0.0000                0.0000                0.0000                0.0000                0.0000                0.0000                0.0000         0
    1    2         30.42      1   -999.0000                0.0000                0.0000                0.0000                0.0000                0.0000                0.0000                0.0000                0.0000                0.0000         0
    1    2         30.42      2   -999.0000                0.0000                0.0000                0.0000                0.0000                0.0000                0.0000                0.0000                0.0000                0.0000         0
    1    2         30.42      3   -999.0000                0.0000                0.0000                0.0000                0.0000                0.0000                0.0000                0.0000                0.0000                0.0000         0
    1    2         30.42      4   -999.0000                0.0000                0.0000                0.0000                0.0000                0.0000                0.0000                0.0000                0.0000                0.0000         0
    1    2         30.42      5   -999.0000                0.0000                0.0000                0.0000                0.0000                0.0000                0.0000                0.0000                0.0000                0.0000         0
    1    2         30.42      6   -999.0000                0.0000                0.0000                0.0000                0.0000                0.0000                0.0000                0.0000                0.0000                0.0000         0
    1    2         30.42      7   -999.0000                0.0000                0.0000                0.0000                0.0000                0.0000                0.0000                0.0000                0.0000                0.0000         0
    1    2         30.42      8   -999.0000                0.0000                0.0000                0.0000                0.0000                0.0000                0.0000                0.0000                0.0000                0.0000         0
    2    1         45.63      1   -999.0000                0.0000                0.0000                0.0000                0.0000                0.0000                0.0000                0.0000                0.0000                0.0000         0
    2    1         45.63      2   -999.0000                0.0000                0.0000                0.0000                0.0000                0.0000                0.0000                0.0000                0.0000                0.0000         0
    2    1         45.63      3   -999.0000                0.0000                0.0000                0.0000                0.0000                0.0000                0.0000                0.0000                0.0000                0.0000         0
    2    1         45.63      4   -999.0000                0.0000                0.0000                0.0000                0.0000                0.0000                0.0000                0.0000                0.0000                0.0000         0
    2    1         45.63      5   -999.0000                0.0000                0.0000                0.0000                0.0000                0.0000                0.0000                0.0000                0.0000                0.0000         0
    2    1         45.63      6   -999.0000                0.0000                0.0000                0.0000                0.0000                0.0000                0.0000                0.0000                0.0000                0.0000         0
    2    1         45.63      7   -999.0000                0.0000                0.0000                0.0000                0.0000                0.0000                0.0000                0.0000                0.0000                0.0000         0
    2    1         45.63      8   -999.0000                0.0000                0.0000                0.0000                0.0000                0.0000                0.0000                0.0000                0.0000                0.0000         0
    2    2         60.84      1   -999.0000                0.0000                0.0000                0.0000                0.0000                0.0000                0.0000                0.0000                0.0000                0.0000         0
    2    2         60.84      2   -999.0000                0.0000                0.0000                0.0000                0.0000                0.0000                0.0000                0.0000                0.0000                0.0000         0
    2    2         60.84      3   -999.0000                0.0000                0.0000                0.0000                0.0000                0.0000                0.0000                0.0000                0.0000                0.0000         0
    2    2         60.84      4   -999.0000                0.0000                0.0000                0.0000                0.0000                0.0000                0.0000                0.0000                0.0000                0.0000         0
    2    2         60.84      5   -999.0000                0.0000                0.0000                0.0000                0.0000                0.0000                0.0000                0.0000                0.0000                0.0000         0
    2    2         60.84      6   -999.0000                0.0000                0.0000                0.0000                0.0000                0.0000                0.0000                0.0000                0.0000                0.0000         0
    2    2         60.84      7   -999.0000                0.0000                0.0000                0.0000                0.0000                0.0000                0.0000                0.0000                0.0000                0.0000         0
    2    2         60.84      8   -999.0000                0.0000                0.0000                0.0000                0.0000                0.0000                0.0000                0.0000                0.0000                0.0000         0
    3    1         76.05      1   -999.0000                0.0000                0.0000                0.0000                0.0000                0.0000                0.0000                0.0000                0.0000                0.0000         0
    3    1         76.05      2   -999.0000                0.0000                0.0000                0.0000                0.0000                0.0000                0.0000                0.0000                0.0000                0.0000         0
    3    1         76.05      3   -999.0000                0.0000                0.0000                0.0000                0.0000                0.0000                0.0000                0.0000                0.0000                0.0000         0
    3    1         76.05      4   -999.0000                0.0000                0.0000                0.0000                0.0000                0.0000                0.0000                0.0000                0.0000                0.0000         0
    3    1         76.05      5   -999.0000                0.0000                0.0000                0.0000                0.0000                0.0000                0.0000                0.0000                0.0000                0.0000         0
    3    1         76.05      6   -999.0000                0.0000                0.0000                0.0000                0.0000                0.0000                0.0000                0.0000                0.0000                0.0000         0
    3    1         76.05      7   -999.0000                0.0000                0.0000                0.0000                0.0000                0.0000                0.0000                0.0000                0.0000                0.0000         0
    3    1         76.05      8   -999.0000                0.0000                0.0000                0.0000                0.0000                0.0000                0.0000                0.0000                0.0000                0.0000         0
    3    2         91.26      1   -999.0000                0.0000                0.0000                0.0000                0.0000                0.0000                0.0000                0.0000                0.0000                0.0000         0
    3    2         91.26      2   -999.0000                0.0000                0.0000                0.0000                0.0000                0.0000                0.0000                0.0000                0.0000                0.0000         0
    3    2         91.26      3   -999.0000                0.0000                0.0000                0.0000                0.0000                0.0000                0.0000                0.0000                0.0000                0.0000         0
    3    2         91.26      4   -999.0000                0.0000                0.0000                0.0000                0.0000                0.0000                0.0000                0.0000                0.0000                0.0000         0
    3    2         91.26      5   -999.0000                0.0000                0.0000                0.0000                0.0000                0.0000                0.0000                0.0000                0.0000                0.0000         0
    3    2         91.26      6   -999.0000                0.0000                0.0000                0.0000                0.0000                0.0000                0.0000                0.0000                0.0000                0.0000         0
    3    2         91.26      7   -999.0000                0.0000                0.0000                0.0000                0.0000                0.0000                0.0000                0.0000                0.0000                0.0000         0
    3    2         91.26      8   -999.0000                0.0000                0.0000                0.0000                0.0000                0.0000                0.0000                0.0000                0.0000                0.0000         0
    4    1        106.47      1      0.5507             8907.3824             1972.3866             6934.9959                0.0000             8907.3824             1972.3866             6934.9959                0.0000                0.0000         0
    4    1        106.47      2      0.5250             2020.0011             1972.3866               47.6146                0.0000             2020.0011             1972.3866               47.6146                0.0000                0.0000         0
    4    1        106.47      3      0.6335             7332.8464             2629.8488             4702.9977                0.0000             7332.8464             2629.8488             4702.9977                0.0000                0.0000         0
    4    1        106.47      4      0.6000             3965.2532             1314.9244             2650.3289                0.0000             3965.2532             1314.9244             2650.3289                0.0000                0.0000         0
    4    1        106.47      5      0.4689             6926.6997             1314.9244                0.0000             5611.7754             6926.6997             1314.9244                0.0000             5611.7754             5611.7754         0
    4    1        106.47      6      0.5625             4769.9535             2629.8488             2140.1047                0.0000             4769.9535             2629.8488             2140.1047                0.0000                0.0000         0
    4    1        106.47      7   -999.0000                0.0000                0.0000                0.0000                0.0000                0.0000                0.0000                0.0000                0.0000                0.0000         0
    4    1        106.47      8   -999.0000                0.0000                0.0000                0.0000                0.0000                0.0000                0.0000                0.0000                0.0000                0.0000         0
    4    2        121.68      1      0.5496             9280.5487             1972.3866             7308.1621                0.0000             9280.5487             1972.3866             7308.1621                0.0000                0.0000         0
    4    2        121.68      2      0.5250             2236.9886             1972.3866              264.6020                0.0000             2236.9886             1972.3866              264.6020                0.0000                0.0000         0
    4    2        121.68      3      0.6326             7525.1204             2629.8488             4895.2716                0.0000             7525.1204             2629.8488             4895.2716                0.0000                0.0000         0
    4    2        121.68      4      0.6000             4319.3908             1314.9244             3004.4664                0.0000             4319.3908             1314.9244             3004.4664                0.0000                0.0000         0
    4    2        121.68      5      0.4689             6926.6997             1314.9244                0.0000             5611.7754             6926.6997             1314.9244                0.0000             5611.7754             5611.7754         0
    4    2        121.68      6      0.5625             8122.0919             2629.8488             5492.2431                0.0000             8122.0919             2629.8488             5492.2431                0.0000                0.0000         0
    4    2        121.68      7   -999.0000                0.0000                0.0000                0.0000                0.0000                0.0000                0.0000                0.0000                0.0000                0.0000         0
    4    2        121.68      8   -999.0000                0.0000                0.0000                0.0000                0.0000                0.0000                0.0000                0.0000                0.0000                0.0000         0
    5    1        136.89      1      0.5942            24237.5402             2465.4832             8629.1913            13142.8656            24237.5402             2465.4832             8629.1913            13142.8656            13142.8656         0
    5    1        136.89      2      0.5600             5236.4564             2465.4832             2770.9731                0.0000             5236.4564             2465.4832             2770.9731                0.0000                0.0000         0
    5    1        136.89      3      0.6850            19604.7013             3287.3110             6574.6219             9742.7684            19604.7013             3287.3110             6574.6219             9742.7684             6000.0000         0
    5    1        136.89      4      0.6400             8910.9417             1643.6555             3130.2256             4137.0605             8910.9417             1643.6555             3130.2256             4137.0605             4137.0605         0
    5    1        136.89      5      0.5106            15448.5191             1643.6555                0.0000            13804.8637            15448.5191             1643.6555                0.0000            13804.8637            13804.8637         0
    5    1        136.89      6      0.6000            21805.5218             3287.3110             9861.9329             8656.2779            21805.5218             3287.3110             9861.9329             8656.2779             8654.5306         0
    5    1        136.89      7   -999.0000                0.0000                0.0000                0.0000                0.0000                0.0000                0.0000                0.0000                0.0000                0.0000         0
    5    1        136.89      8   -999.0000                0.0000                0.0000                0.0000                0.0000                0.0000                0.0000                0.0000                0.0000                0.0000         0
    5    2        152.10      1      0.5937            24575.3811             2465.4832             8629.1913            13480.7066            24575.3811             2465.4832             8629.1913            13480.7066            13480.7066         0
    5    2        152.10      2      0.5600             5825.5976             2465.4832             3360.1143                0.0000             5825.5976             2465.4832             3360.1143                0.0000                0.0000         0
    5    2        152.10      3      0.6849            19662.7978             3287.3110             6574.6219             9800.8648            19662.7978             3287.3110             6574.6219             9800.8648             6000.0000         0
    5    2        152.10      4      0.6400             9026.8134             1643.6555             3130.2256             4252.9323             9026.8134             1643.6555             3130.2256             4252.9323             4252.9323         0
    5    2        152.10      5      0.5106            15448.5191             1643.6555                0.0000            13804.8637            15448.5191             1643.6555                0.0000            13804.8637            13804.8637         0
    5    2        152.10      6      0.6000            26597.6703             3287.3110             9861.9329            13448.4265            26597.6703             3287.3110             9861.9329            13448.4265            13044.6305         0
    5    2        152.10      7   -999.0000                0.0000                0.0000                0.0000                0.0000                0.0000                0.0000                0.0000                0.0000                0.0000         0
    5    2        152.10      8   -999.0000                0.0000                0.0000                0.0000                0.0000                0.0000                0.0000                0.0000                0.0000                0.0000         0
    6    1        167.31      1      0.6294            29098.7647             2958.5799            14346.9490            11793.2358            29098.7647             2958.5799            14346.9490            11793.2358            11793.2358         0
    6    1        167.31      2      0.5950             7423.9587             2958.5799              305.5054             4159.8734             7423.9587             2958.5799              305.5054             4159.8734             4159.8734         0
    6    1        167.31      3      0.7255            23316.2931             3944.7732             9890.3769             9481.1431            23316.2931             3944.7732             9890.3769             9481.1431             6000.0000         0
    6    1        167.31      4      0.6800            11317.4212             1972.3866                0.0000             9345.0346            11317.4212             1972.3866                0.0000             9345.0346             8000.0000         0
    6    1        167.31      5      0.5413            18285.3108             1972.3866                0.0000            16312.9242            18285.3108             1972.3866                0.0000            16312.9242            15000.0000         0
    6    1        167.31      6      0.6375            31326.7855             3944.7732            27382.0124                0.0000            31326.7855             3944.7732            27382.0124                0.0000                0.0000         0
    6    1        167.31      7   -999.0000                0.0000                0.0000                0.0000                0.0000                0.0000                0.0000                0.0000                0.0000                0.0000         0
    6    1        167.31      8   -999.0000                0.0000                0.0000                0.0000                0.0000                0.0000                0.0000                0.0000                0.0000                0.0000         0
    6    2        182.52      1      0.6294            29098.7647             2958.5799            14346.9490            11793.2358            29098.7647             2958.5799            14346.9490            11793.2358            11793.2358         0
    6    2        182.52      2      0.5950             7423.9587             2958.5799              305.5054             4159.8734             7423.9587             2958.5799              305.5054             4159.8734             4159.8734         0
    6    2        182.52      3      0.7253            23455.1614             3944.7732             9890.3769             9620.0113            23455.1614             3944.7732             9890.3769             9620.0113             6000.0000         0
    6    2        182.52      4      0.6800            11404.8379             1972.3866                0.0000             9432.4514            11404.8379             1972.3866                0.0000             9432.4514             8000.0000         0
    6    2        182.52      5      0.5413            18285.3108             1972.3866                0.0000            16312.9242            18285.3108             1972.3866                0.0000            16312.9242            15000.0000         0
    6    2        182.52      6      0.6375            31027.1531             3944.7732            27082.3799                0.0000            31027.1531             3944.7732            27082.3799                0.0000                0.0000         0
    6    2        182.52      7   -999.0000                0.0000                0.0000                0.0000                0.0000                0.0000                0.0000                0.0000                0.0000                0.0000         0
    6    2        182.52      8   -999.0000                0.0000                0.0000                0.0000                0.0000                0.0000                0.0000                0.0000                0.0000                0.0000         0
    7    1        197.73      1      0.6300            16722.6127             2958.5799            12350.4091             1413.6237            16722.6127             2958.5799            12350.4091             1413.6237             1413.6237         0
    7    1        197.73      2      0.6300             7172.3590             2958.5799              252.5920             3961.1871             7172.3590             2958.5799              252.5920             3961.1871             3961.1871         0
    7    1        197.73      3      0.7200            10966.7482             3944.7732             7021.9751                0.0000            10966.7482             3944.7732             7021.9751                0.0000                0.0000         0
    7    1        197.73      4      0.7200            11254.6645             1972.3866             2685.0848             6597.1931            11254.6645             1972.3866             2685.0848             6597.1931             6597.1931         0
    7    1        197.73      5      0.5400            11157.0030             1972.3866                0.0000             9184.6164            11157.0030             1972.3866                0.0000             9184.6164             9184.6164         0
    7    1        197.73      6      0.6750            30831.4307             3944.7732            26886.6575                0.0000            30831.4307             3944.7732            26886.6575                0.0000                0.0000         0
    7    1        197.73      7   -999.0000                0.0000                0.0000                0.0000                0.0000                0.0000                0.0000                0.0000                0.0000                0.0000         0
    7    1        197.73      8   -999.0000                0.0000                0.0000                0.0000                0.0000                0.0000                0.0000                0.0000                0.0000                0.0000         0
    7    2        212.94      1      0.6300            16722.6127             2958.5799            12350.4091             1413.6237            16722.6127             2958.5799            12350.4091             1413.6237             1413.6237         0
    7    2        212.94      2      0.6300             7172.3590             2958.5799              252.5920             3961.1871             7172.3590             2958.5799              252.5920             3961.1871             3961.1871         0
    7    2        212.94      3      0.7200            11190.7671             3944.7732             7245.9939                0.0000            11190.7671             3944.7732             7245.9939                0.0000                0.0000         0
    7    2        212.94      4      0.7200            11401.3598             1972.3866             2462.2043             6966.7689            11401.3598             1972.3866             2462.2043             6966.7689             6966.7689         0
    7    2        212.94      5      0.5400            11157.0030             1972.3866                0.0000             9184.6164            11157.0030             1972.3866                0.0000             9184.6164             9184.6164         0
    7    2        212.94      6      0.6750            31106.3224             3944.7732            27161.5493                0.0000            31106.3224             3944.7732            27161.5493                0.0000                0.0000         0
    7    2        212.94      7   -999.0000                0.0000                0.0000                0.0000                0.0000                0.0000                0.0000                0.0000                0.0000                0.0000         0
    7    2        212.94      8   -999.0000                0.0000                0.0000                0.0000                0.0000                0.0000                0.0000                0.0000                0.0000                0.0000         0
    8    1        228.15      1      0.6300            14898.3222             2465.4832            12009.4928              423.3462            14898.3222             2465.4832            12009.4928              423.3462              423.3462         0
    8    1        228.15      2      0.6300             6389.0149             2465.4832              207.3726             3716.1591             6389.0149             2465.4832              207.3726             3716.1591             3716.1591         0
    8    1        228.15      3      0.7200            10143.8358             3287.3110             6856.5248                0.0000            10143.8358             3287.3110             6856.5248                0.0000                0.0000         0
    8    1        228.15      4      0.7200            10237.4643             1643.6555             2849.6957             5744.1131            10237.4643             1643.6555             2849.6957             5744.1131             5744.1131         0
    8    1        228.15      5      0.5400             9938.4676             1643.6555                0.0000             8294.8121             9938.4676             1643.6555                0.0000             8294.8121             8294.8121         0
    8    1        228.15      6      0.6750            26802.0978             3287.3110            23514.7868                0.0000            26802.0978             3287.3110            23514.7868                0.0000                0.0000         0
    8    1        228.15      7   -999.0000                0.0000                0.0000                0.0000                0.0000                0.0000                0.0000                0.0000                0.0000                0.0000         0
    8    1        228.15      8   -999.0000                0.0000                0.0000                0.0000                0.0000                0.0000                0.0000                0.0000                0.0000                0.0000         0
    8    2        243.36      1      0.6300            14898.3222             2465.4832            12009.4928              423.3462            14898.3222             2465.4832            12009.4928              423.3462              423.3462         0
    8    2        243.36      2      0.6300             6389.0149             2465.4832              207.3726             3716.1591             6389.0149             2465.4832              207.3726             3716.1591             3716.1591         0
    8    2        243.36      3      0.7200            10300.3033             3287.3110             7012.9923                0.0000            10300.3033             3287.3110             7012.9923                0.0000                0.0000         0
    8    2        243.36      4      0.7200            10352.1302             1643.6555             2694.1944             6014.2803            10352.1302             1643.6555             2694.1944             6014.2803             6014.2803         0
    8    2        243.36      5      0.5400             9938.4676             1643.6555                0.0000             8294.8121             9938.4676             1643.6555                0.0000             8294.8121             8294.8121         0
    8    2        243.36      6      0.6750            27153.0671             3287.3110            23865.7561                0.0000            27153.0671             3287.3110            23865.7561                0.0000                0.0000         0
    8    2        243.36      7   -999.0000                0.0000                0.0000                0.0000                0.0000                0.0000                0.0000                0.0000                0.0000                0.0000         0
    8    2        243.36      8   -999.0000                0.0000                0.0000                0.0000                0.0000                0.0000                0.0000                0.0000                0.0000                0.0000         0
    9    1        258.57      1      0.6083            15180.6961             1972.3866            12183.1965             1025.1130            15180.6961             1972.3866            12183.1965             1025.1130             1025.1130         0
    9    1        258.57      2      0.5917             8596.3451             1972.3866              123.7965             6500.1620             8596.3451             1972.3866              123.7965             6500.1620             6000.0000         0
    9    1        258.57      3      0.7200             8109.7315             2629.8488             5479.8828                0.0000             8109.7315             2629.8488             5479.8828                0.0000                0.0000         0
    9    1        258.57      4      0.6848            13160.2721             1314.9244             4220.0235             7625.3242            13160.2721             1314.9244             4220.0235             7625.3242             7625.3242         0
    9    1        258.57      5      0.5152            10610.9942             1314.9244                0.0000             9296.0698            10610.9942             1314.9244                0.0000             9296.0698             9296.0698         0
    9    1        258.57      6      0.6750            18354.8406             2629.8488            14792.8994              932.0925            18354.8406             2629.8488            14792.8994              932.0925              932.0925         0
    9    1        258.57      7   -999.0000                0.0000                0.0000                0.0000                0.0000                0.0000                0.0000                0.0000                0.0000                0.0000         0
    9    1        258.57      8   -999.0000                0.0000                0.0000                0.0000                0.0000                0.0000                0.0000                0.0000                0.0000                0.0000         0
    9    2        273.78      1      0.6083            15180.6961             1972.3866            12183.1965             1025.1130            15180.6961             1972.3866            12183.1965             1025.1130             1025.1130         0
    9    2        273.78      2      0.5917             8596.3451             1972.3866              123.7965             6500.1620             8596.3451             1972.3866              123.7965             6500.1620             6000.0000         0
    9    2        273.78      3      0.7200             8215.5583             2629.8488             5585.7095                0.0000             8215.5583             2629.8488             5585.7095                0.0000                0.0000         0
    9    2        273.78      4      0.6850            13239.8193             1314.9244             4114.6412             7810.2537            13239.8193             1314.9244             4114.6412             7810.2537             7810.2537         0
    9    2        273.78      5      0.5152            10610.9942             1314.9244                0.0000             9296.0698            10610.9942             1314.9244                0.0000             9296.0698             9296.0698         0
    9    2        273.78      6      0.6750            19129.9603             2629.8488            14792.8994             1707.2121            19129.9603             2629.8488            14792.8994             1707.2121             1665.4288         0
    9    2        273.78      7   -999.0000                0.0000                0.0000                0.0000                0.0000                0.0000                0.0000                0.0000                0.0000                0.0000         0
    9    2        273.78      8   -999.0000                0.0000                0.0000                0.0000                0.0000                0.0000                0.0000                0.0000                0.0000                0.0000         0
   10    1        288.99      1      0.5234            14517.2705             1479.2899            12835.9963              201.9842            14517.2705             1479.2899            12835.9963              201.9842              201.9842         0
   10    1        288.99      2      0.5069            10022.6322             1479.2899              127.2422             8416.1001            10022.6322             1479.2899              127.2422             8416.1001             6000.0000         0
   10    1        288.99      3      0.6400             5596.3170             1972.3866             3623.9304                0.0000             5596.3170             1972.3866             3623.9304                0.0000                0.0000         0
   10    1        288.99      4      0.5901            14265.9872              986.1933             6068.5233             7211.2707            14265.9872              986.1933             6068.5233             7211.2707             7211.2707         0
   10    1        288.99      5      0.4397            10566.1474              986.1933                0.0000             9579.9541            10566.1474              986.1933                0.0000             9579.9541             9579.9541         0
   10    1        288.99      6      0.6000            10377.9512             1972.3866             8405.5646                0.0000            10377.9512             1972.3866             8405.5646                0.0000                0.0000         0
   10    1        288.99      7   -999.0000                0.0000                0.0000                0.0000                0.0000                0.0000                0.0000                0.0000                0.0000                0.0000         0
   10    1        288.99      8   -999.0000                0.0000                0.0000                0.0000                0.0000                0.0000                0.0000                0.0000                0.0000                0.0000         0
   10    2        304.20      1      0.5234            14517.2705             1479.2899            12835.9963              201.9842            14517.2705             1479.2899            12835.9963              201.9842              201.9842         0
   10    2        304.20      2      0.5069            10022.6322             1479.2899              127.2422             8416.1001            10022.6322             1479.2899              127.2422             8416.1001             6000.0000         0
   10    2        304.20      3      0.6400             5647.7614             1972.3866             3675.3748                0.0000             5647.7614             1972.3866             3675.3748                0.0000                0.0000         0
   10    2        304.20      4      0.5902            14271.4478              986.1933             6017.2446             7268.0100            14271.4478              986.1933             6017.2446             7268.0100             7268.0100         0
   10    2        304.20      5      0.4397            10566.1474              986.1933                0.0000             9579.9541            10566.1474              986.1933                0.0000             9579.9541             9579.9541         0
   10    2        304.20      6      0.6000            10509.4327             1972.3866             8537.0461                0.0000            10509.4327             1972.3866             8537.0461                0.0000                0.0000         0
   10    2        304.20      7   -999.0000                0.0000                0.0000                0.0000                0.0000                0.0000                0.0000                0.0000                0.0000                0.0000         0
   10    2        304.20      8   -999.0000                0.0000                0.0000                0.0000                0.0000                0.0000                0.0000                0.0000                0.0000                0.0000         0
   11    1        319.41      1      0.4200              661.0804              661.0804                0.0000                0.0000              661.0804              661.0804                0.0000                0.0000                0.0000         0
   11    1        319.41      2      0.4200              661.0910              661.0910                0.0000                0.0000              661.0910              661.0910                0.0000                0.0000                0.0000         0
   11    1        319.41      3   -999.0000                0.0000                0.0000                0.0000                0.0000                0.0000                0.0000                0.0000                0.0000                0.0000         0
   11    1        319.41      4      0.4900              644.1527              644.1527                0.0000                0.0000              644.1527              644.1527                0.0000                0.0000                0.0000         0
   11    1        319.41      5      0.3500              528.8745              528.8745                0.0000                0.0000              528.8745              528.8745                0.0000                0.0000                0.0000         0
   11    1        319.41      6   -999.0000                0.0000                0.0000                0.0000                0.0000                0.0000                0.0000                0.0000                0.0000                0.0000         0
   11    1        319.41      7   -999.0000                0.0000                0.0000                0.0000                0.0000                0.0000                0.0000                0.0000                0.0000                0.0000         0
   11    1        319.41      8   -999.0000                0.0000                0.0000                0.0000                0.0000                0.0000                0.0000                0.0000                0.0000                0.0000         0
   11    2        334.62      1      0.4200              661.0804              661.0804                0.0000                0.0000              661.0804              661.0804                0.0000                0.0000                0.0000         0
   11    2        334.62      2      0.4200              661.0910              661.0910                0.0000                0.0000              661.0910              661.0910                0.0000                0.0000                0.0000         0
   11    2        334.62      3   -999.0000                0.0000                0.0000                0.0000                0.0000                0.0000                0.0000                0.0000                0.0000                0.0000         0
   11    2        334.62      4      0.4900              589.9817              589.9817                0.0000                0.0000              589.9817              589.9817                0.0000                0.0000                0.0000         0
   11    2        334.62      5      0.3500              528.8745              528.8745                0.0000                0.0000              528.8745              528.8745                0.0000                0.0000                0.0000         0
   11    2        334.62      6   -999.0000                0.0000                0.0000                0.0000                0.0000                0.0000                0.0000                0.0000                0.0000                0.0000         0
   11    2        334.62      7   -999.0000                0.0000                0.0000                0.0000                0.0000                0.0000                0.0000                0.0000                0.0000                0.0000         0
   11    2        334.62      8   -999.0000                0.0000                0.0000                0.0000                0.0000                0.0000                0.0000                0.0000                0.0000                0.0000         0
   12    1        349.83      1   -999.0000                0.0000                0.0000                0.0000                0.0000                0.0000                0.0000                0.0000                0.0000                0.0000         0
   12    1        349.83      2   -999.0000                0.0000                0.0000                0.0000                0.0000                0.0000                0.0000                0.0000                0.0000                0.0000         0
   12    1        349.83      3   -999.0000                0.0000                0.0000                0.0000                0.0000                0.0000                0.0000                0.0000                0.0000                0.0000         0
   12    1        349.83      4   -999.0000                0.0000                0.0000                0.0000                0.0000                0.0000                0.0000                0.0000                0.0000                0.0000         0
   12    1        349.83      5   -999.0000                0.0000                0.0000                0.0000                0.0000                0.0000                0.0000                0.0000                0.0000                0.0000         0
   12    1        349.83      6   -999.0000                0.0000                0.0000                0.0000                0.0000                0.0000                0.0000                0.0000                0.0000                0.0000         0
   12    1        349.83      7   -999.0000                0.0000                0.0000                0.0000                0.0000                0.0000                0.0000                0.0000                0.0000                0.0000         0
   12    1        349.83      8   -999.0000                0.0000                0.0000                0.0000                0.0000                0.0000                0.0000                0.0000                0.0000                0.0000         0
   12    2        365.04      1   -999.0000                0.0000                0.0000                0.0000                0.0000                0.0000                0.0000                0.0000                0.0000                0.0000         0
   12    2        365.04      2   -999.0000                0.0000                0.0000                0.0000                0.0000                0.0000                0.0000                0.0000                0.0000                0.0000         0
   12    2        365.04      3   -999.0000                0.0000                0.0000                0.0000                0.0000                0.0000                0.0000                0.0000                0.0000                0.0000         0
   12    2        365.04      4   -999.0000                0.0000                0.0000                0.0000                0.0000                0.0000                0.0000                0.0000                0.0000                0.0000         0
   12    2        365.04      5   -999.0000                0.0000                0.0000                0.0000                0.0000                0.0000                0.0000                0.0000                0.0000                0.0000         0
   12    2        365.04      6   -999.0000                0.0000                0.0000                0.0000                0.0000                0.0000                0.0000                0.0000                0.0000                0.0000         0
   12    2        365.04      7   -999.0000                0.0000                0.0000                0.0000                0.0000                0.0000                0.0000                0.0000                0.0000                0.0000         0
   12    2        365.04      8   -999.0000                0.0000                0.0000                0.0000                0.0000                0.0000                0.0000                0.0000                0.0000                0.0000         0
   13    1        380.25      1   -999.0000                0.0000                0.0000                0.0000                0.0000                0.0000                0.0000                0.0000                0.0000                0.0000         0
   13    1        380.25      2   -999.0000                0.0000                0.0000                0.0000                0.0000                0.0000                0.0000                0.0000                0.0000                0.0000         0
   13    1        380.25      3   -999.0000                0.0000                0.0000                0.0000                0.0000                0.0000                0.0000                0.0000                0.0000                0.0000         0
   13    1        380.25      4   -999.0000                0.0000                0.0000                0.0000                0.0000                0.0000                0.0000                0.0000                0.0000                0.0000         0
   13    1        380.25      5   -999.0000                0.0000                0.0000                0.0000                0.0000                0.0000                0.0000                0.0000                0.0000                0.0000         0
   13    1        380.25      6   -999.0000                0.0000                0.0000                0.0000                0.0000                0.0000                0.0000                0.0000                0.0000                0.0000         0
   13    1        380.25      7   -999.0000                0.0000                0.0000                0.0000                0.0000                0.0000                0.0000                0.0000                0.0000                0.0000         0
   13    1        380.25      8   -999.0000                0.0000                0.0000                0.0000                0.0000                0.0000                0.0000                0.0000                0.0000                0.0000         0
   13    2        395.46      1   -999.0000                0.0000                0.0000                0.0000                0.0000                0.0000                0.0000                0.0000                0.0000                0.0000         0
   13    2        395.46      2   -999.0000                0.0000                0.0000                0.0000                0.0000                0.0000                0.0000                0.0000                0.0000                0.0000         0
   13    2        395.46      3   -999.0000                0.0000                0.0000                0.0000                0.0000                0.0000                0.0000                0.0000                0.0000                0.0000         0
   13    2        395.46      4   -999.0000                0.0000                0.0000                0.0000                0.0000                0.0000                0.0000                0.0000                0.0000                0.0000         0
   13    2        395.46      5   -999.0000                0.0000                0.0000                0.0000                0.0000                0.0000                0.0000                0.0000                0.0000                0.0000         0
   13    2        395.46      6   -999.0000                0.0000                0.0000                0.0000                0.0000                0.0000                0.0000                0.0000                0.0000                0.0000         0
   13    2        395.46      7   -999.0000                0.0000                0.0000                0.0000                0.0000                0.0000                0.0000                0.0000                0.0000                0.0000         0
   13    2        395.46      8   -999.0000                0.0000                0.0000                0.0000                0.0000                0.0000                0.0000                0.0000                0.0000                0.0000         0
   14    1        410.67      1   -999.0000                0.0000                0.0000                0.0000                0.0000                0.0000                0.0000                0.0000                0.0000                0.0000         0
   14    1        410.67      2   -999.0000                0.0000                0.0000                0.0000                0.0000                0.0000                0.0000                0.0000                0.0000                0.0000         0
   14    1        410.67      3   -999.0000                0.0000                0.0000                0.0000                0.0000                0.0000                0.0000                0.0000                0.0000                0.0000         0
   14    1        410.67      4   -999.0000                0.0000                0.0000                0.0000                0.0000                0.0000                0.0000                0.0000                0.0000                0.0000         0
   14    1        410.67      5   -999.0000                0.0000                0.0000                0.0000                0.0000                0.0000                0.0000                0.0000                0.0000                0.0000         0
   14    1        410.67      6   -999.0000                0.0000                0.0000                0.0000                0.0000                0.0000                0.0000                0.0000                0.0000                0.0000         0
   14    1        410.67      7   -999.0000                0.0000                0.0000                0.0000                0.0000                0.0000                0.0000                0.0000                0.0000                0.0000         0
   14    1        410.67      8   -999.0000                0.0000                0.0000                0.0000                0.0000                0.0000                0.0000                0.0000                0.0000                0.0000         0
   14    2        425.88      1   -999.0000                0.0000                0.0000                0.0000                0.0000                0.0000                0.0000                0.0000                0.0000                0.0000         0
   14    2        425.88      2   -999.0000                0.0000                0.0000                0.0000                0.0000                0.0000                0.0000                0.0000                0.0000                0.0000         0
   14    2        425.88      3   -999.0000                0.0000                0.0000                0.0000                0.0000                0.0000                0.0000                0.0000                0.0000                0.0000         0
   14    2        425.88      4   -999.0000                0.0000                0.0000                0.0000                0.0000                0.0000                0.0000                0.0000                0.0000                0.0000         0
   14    2        425.88      5   -999.0000                0.0000                0.0000                0.0000                0.0000                0.0000                0.0000                0.0000                0.0000                0.0000         0
   14    2        425.88      6   -999.0000                0.0000                0.0000                0.0000                0.0000                0.0000                0.0000                0.0000                0.0000                0.0000         0
   14    2        425.88      7   -999.0000                0.0000                0.0000                0.0000                0.0000                0.0000                0.0000                0.0000                0.0000                0.0000         0
   14    2        425.88      8   -999.0000                0.0000                0.0000                0.0000                0.0000                0.0000                0.0000                0.0000                0.0000                0.0000         0
   15    1        441.09      1   -999.0000                0.0000                0.0000                0.0000                0.0000                0.0000                0.0000                0.0000                0.0000                0.0000         0
   15    1        441.09      2   -999.0000                0.0000                0.0000                0.0000                0.0000                0.0000                0.0000                0.0000                0.0000                0.0000         0
   15    1        441.09      3   -999.0000                0.0000                0.0000                0.0000                0.0000                0.0000                0.0000                0.0000                0.0000                0.0000         0
   15    1        441.09      4   -999.0000                0.0000                0.0000                0.0000                0.0000                0.0000                0.0000                0.0000                0.0000                0.0000         0
   15    1        441.09      5   -999.0000                0.0000                0.0000                0.0000                0.0000                0.0000                0.0000                0.0000                0.0000                0.0000         0
   15    1        441.09      6   -999.0000                0.0000                0.0000                0.0000                0.0000                0.0000                0.0000                0.0000                0.0000                0.0000         0
   15    1        441.09      7   -999.0000                0.0000                0.0000                0.0000                0.0000                0.0000                0.0000                0.0000                0.0000                0.0000         0
   15    1        441.09      8   -999.0000                0.0000                0.0000                0.0000                0.0000                0.0000                0.0000                0.0000                0.0000                0.0000         0
   15    2        456.30      1   -999.0000                0.0000                0.0000                0.0000                0.0000                0.0000                0.0000                0.0000                0.0000                0.0000         0
   15    2        456.30      2   -999.0000                0.0000                0.0000                0.0000                0.0000                0.0000                0.0000                0.0000                0.0000                0.0000         0
   15    2        456.30      3   -999.0000                0.0000                0.0000                0.0000                0.0000                0.0000                0.0000                0.0000                0.0000                0.0000         0
   15    2        456.30      4   -999.0000                0.0000                0.0000                0.0000                0.0000                0.0000                0.0000                0.0000                0.0000                0.0000         0
   15    2        456.30      5   -999.0000                0.0000                0.0000                0.0000                0.0000                0.0000                0.0000                0.0000                0.0000                0.0000         0
   15    2        456.30      6   -999.0000                0.0000                0.0000                0.0000                0.0000                0.0000                0.0000                0.0000                0.0000                0.0000         0
   15    2        456.30      7   -999.0000                0.0000                0.0000                0.0000                0.0000                0.0000                0.0000                0.0000                0.0000                0.0000         0
   15    2        456.30      8   -999.0000                0.0000                0.0000                0.0000                0.0000                0.0000                0.0000                0.0000                0.0000                0.0000         0
   16    1        471.51      1      0.6919             8516.2332             1972.3866             2157.2978             4386.5488             8516.2332             1972.3866             2157.2978             4386.5488             4386.5488         0
   16    1        471.51      2      0.6650             2631.0426             1972.3866              658.6560                0.0000             2631.0426             1972.3866              658.6560                0.0000                0.0000         0
   16    1        471.51      3      0.7977             6508.5680             2629.8488             1643.6555             2235.0637             6508.5680             2629.8488             1643.6555             2235.0637             2235.0637         0
   16    1        471.51      4      0.7600             3758.7447             1314.9244             1540.9270              902.8933             3758.7447             1314.9244             1540.9270              902.8933              902.8933         0
   16    1        471.51      5      0.5939             5468.4472             1314.9244                0.0000             4153.5228             5468.4472             1314.9244                0.0000             4153.5228             4153.5228         0
   16    1        471.51      6      0.7125            10145.6275             2629.8488             2465.4832             5050.2955            10145.6275             2629.8488             2465.4832             5050.2955             4740.1478         0
   16    1        471.51      7   -999.0000                0.0000                0.0000                0.0000                0.0000                0.0000                0.0000                0.0000                0.0000                0.0000         0
   16    1        471.51      8   -999.0000                0.0000                0.0000                0.0000                0.0000                0.0000                0.0000                0.0000                0.0000                0.0000         0
   16    2        486.72      1      0.6918             8545.2146             1972.3866             2157.2978             4415.5302             8545.2146             1972.3866             2157.2978             4415.5302             4415.5302         0
   16    2        486.72      2      0.6650             2631.0426             1972.3866              658.6560                0.0000             2631.0426             1972.3866              658.6560                0.0000                0.0000         0
   16    2        486.72      3      0.7969             6652.5850             2629.8488             1643.6555             2379.0808             6652.5850             2629.8488             1643.6555             2379.0808             2379.0808         0
   16    2        486.72      4      0.7600             3867.2952             1314.9244             1540.9270             1011.4438             3867.2952             1314.9244             1540.9270             1011.4438             1011.4438         0
   16    2        486.72      5      0.5939             5468.4472             1314.9244                0.0000             4153.5228             5468.4472             1314.9244                0.0000             4153.5228             4153.5228         0
   16    2        486.72      6      0.7125            13009.3657             2629.8488             2465.4832             7914.0337            13009.3657             2629.8488             2465.4832             7914.0337             7867.6189         0
   16    2        486.72      7   -999.0000                0.0000                0.0000                0.0000                0.0000                0.0000                0.0000                0.0000                0.0000                0.0000         0
   16    2        486.72      8   -999.0000                0.0000                0.0000                0.0000                0.0000                0.0000                0.0000                0.0000                0.0000                0.0000         0
   17    1        501.93      1      0.7420            19714.5886             2465.4832             2157.2978            15091.8076            19714.5886             2465.4832             2157.2978            15091.8076            15000.0000         0
   17    1        501.93      2      0.7000             4904.0910             2465.4832              924.5562             1514.0515             4904.0910             2465.4832              924.5562             1514.0515             1514.0515         0
   17    1        501.93      3      0.8526            16777.2686             3287.3110             1643.6555            11846.3022            16777.2686             3287.3110             1643.6555            11846.3022             6000.0000         0
   17    1        501.93      4      0.8000             7812.4496             1643.6555             1540.9270             4627.8671             7812.4496             1643.6555             1540.9270             4627.8671             4627.8671         0
   17    1        501.93      5      0.6383            12358.8153             1643.6555                0.0000            10715.1598            12358.8153             1643.6555                0.0000            10715.1598            10715.1598         0
   17    1        501.93      6      0.7500            25304.4011             3287.3110             2465.4832            19551.6069            25304.4011             3287.3110             2465.4832            19551.6069            13342.9212         0
   17    1        501.93      7   -999.0000                0.0000                0.0000                0.0000                0.0000                0.0000                0.0000                0.0000                0.0000                0.0000         0
   17    1        501.93      8   -999.0000                0.0000                0.0000                0.0000                0.0000                0.0000                0.0000                0.0000                0.0000                0.0000         0
   17    2        517.14      1      0.7420            19714.5886             2465.4832             2157.2978            15091.8076            19714.5886             2465.4832             2157.2978            15091.8076            15000.0000         0
   17    2        517.14      2      0.7000             4904.0910             2465.4832              924.5562             1514.0515             4904.0910             2465.4832              924.5562             1514.0515             1514.0515         0
   17    2        517.14      3      0.8523            16887.8413             3287.3110             1643.6555            11956.8749            16887.8413             3287.3110             1643.6555            11956.8749             6000.0000         0
   17    2        517.14      4      0.8000             7893.4109             1643.6555             1540.9270             4708.8284             7893.4109             1643.6555             1540.9270             4708.8284             4708.8284         0
   17    2        517.14      5      0.6383            12358.8153             1643.6555                0.0000            10715.1598            12358.8153             1643.6555                0.0000            10715.1598            10715.1598         0
   17    2        517.14      6      0.7500            26649.0993             3287.3110             2465.4832            20896.3051            26649.0993             3287.3110             2465.4832            20896.3051            13110.7705         0
   17    2        517.14      7   -999.0000                0.0000                0.0000                0.0000                0.0000                0.0000                0.0000                0.0000                0.0000                0.0000         0
   17    2        517.14      8   -999.0000                0.0000                0.0000                0.0000                0.0000                0.0000                0.0000                0.0000                0.0000                0.0000         0
   18    1        532.35      1      0.7405            24733.9500             2958.5799             8629.1913            13146.1788            24733.9500             2958.5799             8629.1913            13146.1788            13146.1788         0
   18    1        532.35      2      0.7000             6310.3649             2958.5799             2191.7019             1160.0831             6310.3649             2958.5799             2191.7019             1160.0831             1160.0831         0
   18    1        532.35      3      0.8503            21115.2241             3944.7732             6574.6219            10595.8290            21115.2241             3944.7732             6574.6219            10595.8290             6000.0000         0
   18    1        532.35      4      0.8000            10360.4289             1972.3866             3130.2256             5257.8167            10360.4289             1972.3866             3130.2256             5257.8167             5257.8167         0
   18    1        532.35      5      0.6368            15542.5142             1972.3866                0.0000            13570.1276            15542.5142             1972.3866                0.0000            13570.1276            13570.1276         0
   18    1        532.35      6      0.7500            33635.4652             3944.7732             9861.9329            19828.7591            33635.4652             3944.7732             9861.9329            19828.7591            13048.0133         0
   18    1        532.35      7   -999.0000                0.0000                0.0000                0.0000                0.0000                0.0000                0.0000                0.0000                0.0000                0.0000         0
   18    1        532.35      8   -999.0000                0.0000                0.0000                0.0000                0.0000                0.0000                0.0000                0.0000                0.0000                0.0000         0
   18    2        547.56      1      0.7405            24733.9500             2958.5799             8629.1913            13146.1788            24733.9500             2958.5799             8629.1913            13146.1788            13146.1788         0
   18    2        547.56      2      0.7000             6310.3649             2958.5799             2191.7019             1160.0831             6310.3649             2958.5799             2191.7019             1160.0831             1160.0831         0
   18    2        547.56      3      0.8501            21208.8771             3944.7732             6574.6219            10689.4820            21208.8771             3944.7732             6574.6219            10689.4820             6000.0000         0
   18    2        547.56      4      0.8000            10438.8819             1972.3866             3130.2256             5336.2696            10438.8819             1972.3866             3130.2256             5336.2696             5336.2696         0
   18    2        547.56      5      0.6368            15542.5142             1972.3866                0.0000            13570.1276            15542.5142             1972.3866                0.0000            13570.1276            13570.1276         0
   18    2        547.56      6      0.7500            34033.1444             3944.7732             9861.9329            20226.4383            34033.1444             3944.7732             9861.9329            20226.4383            12981.4086         0
   18    2        547.56      7   -999.0000                0.0000                0.0000                0.0000                0.0000                0.0000                0.0000                0.0000                0.0000                0.0000         0
   18    2        547.56      8   -999.0000                0.0000                0.0000                0.0000                0.0000                0.0000                0.0000                0.0000                0.0000                0.0000         0
   19    1        562.77      1      0.7000            15050.3514             2958.5799             8629.1913             3462.5802            15050.3514             2958.5799             8629.1913             3462.5802             3462.5802         0
   19    1        562.77      2      0.7000             6455.1231             2958.5799             1224.2264             2272.3168             6455.1231             2958.5799             1224.2264             2272.3168             2272.3168         0
   19    1        562.77      3      0.8000            10970.2968             3944.7732             6574.6219              450.9017            10970.2968             3944.7732             6574.6219              450.9017              450.9017         0
   19    1        562.77      4      0.8000            10803.6065             1972.3866             3130.2256             5700.9943            10803.6065             1972.3866             3130.2256             5700.9943             5700.9943         0
   19    1        562.77      5      0.6000            10041.3027             1972.3866                0.0000             8068.9161            10041.3027             1972.3866                0.0000             8068.9161             8068.9161         0
   19    1        562.77      6      0.7500            35204.2828             3944.7732             9861.9329            21397.5767            35204.2828             3944.7732             9861.9329            21397.5767            12934.8468         0
   19    1        562.77      7   -999.0000                0.0000                0.0000                0.0000                0.0000                0.0000                0.0000                0.0000                0.0000                0.0000         0
   19    1        562.77      8   -999.0000                0.0000                0.0000                0.0000                0.0000                0.0000                0.0000                0.0000                0.0000                0.0000         0
   19    2        577.98      1      0.7000            15050.3514             2958.5799             8629.1913             3462.5802            15050.3514             2958.5799             8629.1913             3462.5802             3462.5802         0
   19    2        577.98      2      0.7000             6455.1231             2958.5799             1224.2264             2272.3168             6455.1231             2958.5799             1224.2264             2272.3168             2272.3168         0
   19    2        577.98      3      0.8000            11073.6472             3944.7732             6574.6219              554.2520            11073.6472             3944.7732             6574.6219              554.2520              554.2520         0
   19    2        577.98      4      0.8000            10917.3775             1972.3866             3130.2256             5814.7653            10917.3775             1972.3866             3130.2256             5814.7653             5814.7653         0
   19    2        577.98      5      0.6000            10041.3027             1972.3866                0.0000             8068.9161            10041.3027             1972.3866                0.0000             8068.9161             8068.9161         0
   19    2        577.98      6      0.7500            35204.2828             3944.7732             9861.9329            21397.5767            35204.2828             3944.7732             9861.9329            21397.5767            12895.5663         0
   19    2        577.98      7   -999.0000                0.0000                0.0000                0.0000                0.0000                0.0000                0.0000                0.0000                0.0000                0.0000         0
   19    2        577.98      8   -999.0000                0.0000                0.0000                0.0000                0.0000                0.0000                0.0000                0.0000                0.0000                0.0000         0
   20    1        593.19      1      0.7000            13408.4900             2465.4832             8629.1913             2313.8155            13408.4900             2465.4832             8629.1913             2313.8155             2313.8155         0
   20    1        593.19      2      0.7000             5750.1134             2465.4832              922.2347             2362.3955             5750.1134             2465.4832              922.2347             2362.3955             2362.3955         0
   20    1        593.19      3      0.8000             9962.3992             3287.3110             6574.6219              100.4663             9962.3992             3287.3110             6574.6219              100.4663              100.4663         0
   20    1        593.19      4      0.8000             9814.5528             1643.6555             3130.2256             5040.6716             9814.5528             1643.6555             3130.2256             5040.6716             5040.6716         0
   20    1        593.19      5      0.6000             8944.6209             1643.6555                0.0000             7300.9654             8944.6209             1643.6555                0.0000             7300.9654             7300.9654         0
   20    1        593.19      6      0.7500            30141.9601             3287.3110             9861.9329            16992.7162            30141.9601             3287.3110             9861.9329            16992.7162            12859.1083         0
   20    1        593.19      7   -999.0000                0.0000                0.0000                0.0000                0.0000                0.0000                0.0000                0.0000                0.0000                0.0000         0
   20    1        593.19      8   -999.0000                0.0000                0.0000                0.0000                0.0000                0.0000                0.0000                0.0000                0.0000                0.0000         0
   20    2        608.40      1      0.7000            13408.4900             2465.4832             8629.1913             2313.8155            13408.4900             2465.4832             8629.1913             2313.8155             2313.8155         0
   20    2        608.40      2      0.7000             5750.1134             2465.4832              922.2347             2362.3955             5750.1134             2465.4832              922.2347             2362.3955             2362.3955         0
   20    2        608.40      3      0.8000            10003.2815             3287.3110             6574.6219              141.3486            10003.2815             3287.3110             6574.6219              141.3486              141.3486         0
   20    2        608.40      4      0.8000             9926.2375             1643.6555             3130.2256             5152.3563             9926.2375             1643.6555             3130.2256             5152.3563             5152.3563         0
   20    2        608.40      5      0.6000             8944.6209             1643.6555                0.0000             7300.9654             8944.6209             1643.6555                0.0000             7300.9654             7300.9654         0
   20    2        608.40      6      0.7500            30141.9601             3287.3110             9861.9329            16992.7162            30141.9601             3287.3110             9861.9329            16992.7162            12828.9219         0
   20    2        608.40      7   -999.0000                0.0000                0.0000                0.0000                0.0000                0.0000                0.0000                0.0000                0.0000                0.0000         0
   20    2        608.40      8   -999.0000                0.0000                0.0000                0.0000                0.0000                0.0000                0.0000                0.0000                0.0000                0.0000         0
   21    1        623.61      1      0.6421            14381.7121             1972.3866             3235.9467             9173.3788            14381.7121             1972.3866             3235.9467             9173.3788             9173.3788         0
   21    1        623.61      2      0.6246             8143.9059             1972.3866             1386.8343             4784.6850             8143.9059             1972.3866             1386.8343             4784.6850             4784.6850         0
   21    1        623.61      3      0.7600             8161.5338             2629.8488             2465.4832             3066.2018             8161.5338             2629.8488             2465.4832             3066.2018             3066.2018         0
   21    1        623.61      4      0.7242            12941.9961             1314.9244             2311.3905             9315.6811            12941.9961             1314.9244             2311.3905             9315.6811             8000.0000         0
   21    1        623.61      5      0.5438            10052.5208             1314.9244                0.0000             8737.5964            10052.5208             1314.9244                0.0000             8737.5964             8737.5964         0
   21    1        623.61      6      0.7125            21166.9029             2629.8488             3698.2248            14838.8293            21166.9029             2629.8488             3698.2248            14838.8293            12798.0519         0
   21    1        623.61      7   -999.0000                0.0000                0.0000                0.0000                0.0000                0.0000                0.0000                0.0000                0.0000                0.0000         0
   21    1        623.61      8   -999.0000                0.0000                0.0000                0.0000                0.0000                0.0000                0.0000                0.0000                0.0000                0.0000         0
   21    2        638.82      1      0.6421            14381.7121             1972.3866             3235.9467             9173.3788            14381.7121             1972.3866             3235.9467             9173.3788             9173.3788         0
   21    2        638.82      2      0.6246             8143.9059             1972.3866             1386.8343             4784.6850             8143.9059             1972.3866             1386.8343             4784.6850             4784.6850         0
   21    2        638.82      3      0.7600             8186.6442             2629.8488             2465.4832             3091.3122             8186.6442             2629.8488             2465.4832             3091.3122             3091.3122         0
   21    2        638.82      4      0.7243            12991.9166             1314.9244             2311.3905             9365.6017            12991.9166             1314.9244             2311.3905             9365.6017             8000.0000         0
   21    2        638.82      5      0.5438            10052.5208             1314.9244                0.0000             8737.5964            10052.5208             1314.9244                0.0000             8737.5964             8737.5964         0
   21    2        638.82      6      0.7125            21166.9029             2629.8488             3698.2248            14838.8293            21166.9029             2629.8488             3698.2248            14838.8293            12771.6563         0
   21    2        638.82      7   -999.0000                0.0000                0.0000                0.0000                0.0000                0.0000                0.0000                0.0000                0.0000                0.0000         0
   21    2        638.82      8   -999.0000                0.0000                0.0000                0.0000                0.0000                0.0000                0.0000                0.0000                0.0000                0.0000         0
   22    1        654.03      1      0.5888            12904.2404             1479.2899             3235.9467             8189.0037            12904.2404             1479.2899             3235.9467             8189.0037             8189.0037         0
   22    1        654.03      2      0.5703             8909.0064             1479.2899             1386.8343             6042.8822             8909.0064             1479.2899             1386.8343             6042.8822             6000.0000         0
   22    1        654.03      3      0.7200             5254.1803             1972.3866             2465.4832              816.3105             5254.1803             1972.3866             2465.4832              816.3105              816.3105         0
   22    1        654.03      4      0.6655            13098.4748              986.1933             2311.3905             9800.8910            13098.4748              986.1933             2311.3905             9800.8910             8000.0000         0
   22    1        654.03      5      0.4947             9392.1310              986.1933                0.0000             8405.9377             9392.1310              986.1933                0.0000             8405.9377             8405.9377         0
   22    1        654.03      6      0.6750            11315.6746             1972.3866             3698.2248             5645.0632            11315.6746             1972.3866             3698.2248             5645.0632             5645.0632         0
   22    1        654.03      7   -999.0000                0.0000                0.0000                0.0000                0.0000                0.0000                0.0000                0.0000                0.0000                0.0000         0
   22    1        654.03      8   -999.0000                0.0000                0.0000                0.0000                0.0000                0.0000                0.0000                0.0000                0.0000                0.0000         0
   22    2        669.24      1      0.5888            12904.2404             1479.2899             3235.9467             8189.0037            12904.2404             1479.2899             3235.9467             8189.0037             8189.0037         0
   22    2        669.24      2      0.5703             8909.0064             1479.2899             1386.8343             6042.8822             8909.0064             1479.2899             1386.8343             6042.8822             6000.0000         0
   22    2        669.24      3      0.7200             5263.4473             1972.3866             2465.4832              825.5774             5263.4473             1972.3866             2465.4832              825.5774              825.5774         0
   22    2        669.24      4      0.6657            13139.6309              986.1933             2311.3905             9842.0470            13139.6309              986.1933             2311.3905             9842.0470             8000.0000         0
   22    2        669.24      5      0.4947             9392.1310              986.1933                0.0000             8405.9377             9392.1310              986.1933                0.0000             8405.9377             8405.9377         0
   22    2        669.24      6      0.6750            11315.6746             1972.3866             3698.2248             5645.0632            11315.6746             1972.3866             3698.2248             5645.0632             5645.0632         0
   22    2        669.24      7   -999.0000                0.0000                0.0000                0.0000                0.0000                0.0000                0.0000                0.0000                0.0000                0.0000         0
   22    2        669.24      8   -999.0000                0.0000                0.0000                0.0000                0.0000                0.0000                0.0000                0.0000                0.0000                0.0000         0
   23    1        684.45      1      0.4800              578.4453              578.4453                0.0000                0.0000              578.4453              578.4453                0.0000                0.0000                0.0000         0
   23    1        684.45      2      0.4800              578.4546              578.4546                0.0000                0.0000              578.4546              578.4546                0.0000                0.0000                0.0000         0
   23    1        684.45      3   -999.0000                0.0000                0.0000                0.0000                0.0000                0.0000                0.0000                0.0000                0.0000                0.0000         0
   23    1        684.45      4      0.5600              771.6246              657.4622            2.4725E-10              114.1624              771.6246              657.4622            2.4725E-10              114.1624              114.1624         0
   23    1        684.45      5      0.4000              462.7652              462.7652                0.0000                0.0000              462.7652              462.7652                0.0000                0.0000                0.0000         0
   23    1        684.45      6   -999.0000                0.0000                0.0000                0.0000                0.0000                0.0000                0.0000                0.0000                0.0000                0.0000         0
   23    1        684.45      7   -999.0000                0.0000                0.0000                0.0000                0.0000                0.0000                0.0000                0.0000                0.0000                0.0000         0
   23    1        684.45      8   -999.0000                0.0000                0.0000                0.0000                0.0000                0.0000                0.0000                0.0000                0.0000                0.0000         0
   23    2        699.66      1      0.4800              578.4453              578.4453                0.0000                0.0000              578.4453              578.4453                0.0000                0.0000                0.0000         0
   23    2        699.66      2      0.4800              578.4546              578.4546                0.0000                0.0000              578.4546              578.4546                0.0000                0.0000                0.0000         0
   23    2        699.66      3   -999.0000                0.0000                0.0000                0.0000                0.0000                0.0000                0.0000                0.0000                0.0000                0.0000         0
   23    2        699.66      4      0.5600              703.9737              657.4622            1.7106E-10               46.5115              703.9737              657.4622            1.7106E-10               46.5115               46.5115         0
   23    2        699.66      5      0.4000              462.7652              462.7652                0.0000                0.0000              462.7652              462.7652                0.0000                0.0000                0.0000         0
   23    2        699.66      6   -999.0000                0.0000                0.0000                0.0000                0.0000                0.0000                0.0000                0.0000                0.0000                0.0000         0
   23    2        699.66      7   -999.0000                0.0000                0.0000                0.0000                0.0000                0.0000                0.0000                0.0000                0.0000                0.0000         0
   23    2        699.66      8   -999.0000                0.0000                0.0000                0.0000                0.0000                0.0000                0.0000                0.0000                0.0000                0.0000         0
   24    1        714.87      1   -999.0000                0.0000                0.0000                0.0000                0.0000                0.0000                0.0000                0.0000                0.0000                0.0000         0
   24    1        714.87      2   -999.0000                0.0000                0.0000                0.0000                0.0000                0.0000                0.0000                0.0000                0.0000                0.0000         0
   24    1        714.87      3   -999.0000                0.0000                0.0000                0.0000                0.0000                0.0000                0.0000                0.0000                0.0000                0.0000         0
   24    1        714.87      4   -999.0000                0.0000                0.0000                0.0000                0.0000                0.0000                0.0000                0.0000                0.0000                0.0000         0
   24    1        714.87      5   -999.0000                0.0000                0.0000                0.0000                0.0000                0.0000                0.0000                0.0000                0.0000                0.0000         0
   24    1        714.87      6   -999.0000                0.0000                0.0000                0.0000                0.0000                0.0000                0.0000                0.0000                0.0000                0.0000         0
   24    1        714.87      7   -999.0000                0.0000                0.0000                0.0000                0.0000                0.0000                0.0000                0.0000                0.0000                0.0000         0
   24    1        714.87      8   -999.0000                0.0000                0.0000                0.0000                0.0000                0.0000                0.0000                0.0000                0.0000                0.0000         0
   24    2        730.08      1   -999.0000                0.0000                0.0000                0.0000                0.0000                0.0000                0.0000                0.0000                0.0000                0.0000         0
   24    2        730.08      2   -999.0000                0.0000                0.0000                0.0000                0.0000                0.0000                0.0000                0.0000                0.0000                0.0000         0
   24    2        730.08      3   -999.0000                0.0000                0.0000                0.0000                0.0000                0.0000                0.0000                0.0000                0.0000                0.0000         0
   24    2        730.08      4   -999.0000                0.0000                0.0000                0.0000                0.0000                0.0000                0.0000                0.0000                0.0000                0.0000         0
   24    2        730.08      5   -999.0000                0.0000                0.0000                0.0000                0.0000                0.0000                0.0000                0.0000                0.0000                0.0000         0
   24    2        730.08      6   -999.0000                0.0000                0.0000                0.0000                0.0000                0.0000                0.0000                0.0000                0.0000                0.0000         0
   24    2        730.08      7   -999.0000                0.0000                0.0000                0.0000                0.0000                0.0000                0.0000                0.0000                0.0000                0.0000         0
   24    2        730.08      8   -999.0000                0.0000                0.0000                0.0000                0.0000                0.0000                0.0000                0.0000                0.0000                0.0000         0
